<?xml version="1.0" encoding="UTF-8"?>
<!-- Generated by org.testng.reporters.JUnitXMLReporter -->
<testsuite ignored="0" hostname="LAPTOP-Q209B3I3" failures="0" tests="3" name="Regression" time="142.542" errors="0" timestamp="2022-09-12T21:04:20 BST">
  <testcase classname="com.landmark.qa.testcases.LandmarkLoginPageTest" name="verifyUserloginTest" time="0.17"/>
  <testcase classname="com.landmark.qa.testcases.LandmarkHomePageTest" name="verifyPrintProductAddedToBasketTest" time="12.126"/>
  <testcase classname="com.landmark.qa.testcases.CheckOutPageTest" name="verifyTest" time="85.575"/>
</testsuite> <!-- Regression -->
