<?xml version="1.0" encoding="UTF-8"?>
<!-- Generated by org.testng.reporters.JUnitXMLReporter -->
<testsuite ignored="0" hostname="LAPTOP-Q209B3I3" failures="0" tests="4" name="Test" time="24.326" errors="0" timestamp="2023-02-25T21:28:02 GMT">
  <testcase classname="com.platformgroup.qa.testcases.LoginPageTests" name="verifyUserloginTest" time="0.904"/>
  <testcase classname="com.platformgroup.qa.testcases.LoginPageTests" name="verifyUserLoginWithInvalidCredentialsTest" time="0.586"/>
  <testcase classname="com.platformgroup.qa.testcases.HomePageTests" name="verifyPrintProductAddedToBasketTest" time="1.101"/>
  <testcase classname="com.platformgroup.qa.testcases.CheckOutPageTests" name="verifyOrderConformationTest" time="2.443"/>
</testsuite> <!-- Test -->
