<?xml version="1.0" encoding="UTF-8"?>
<testng-results ignored="0" total="4" passed="4" failed="0" skipped="0">
  <reporter-output>
  </reporter-output>
  <suite started-at="2023-02-25T21:27:37 GMT" name="Suite" finished-at="2023-02-25T21:28:02 GMT" duration-ms="24326">
    <groups>
    </groups>
    <test started-at="2023-02-25T21:27:37 GMT" name="Test" finished-at="2023-02-25T21:28:02 GMT" duration-ms="24326">
      <class name="com.platformgroup.qa.testcases.CheckOutPageTests">
        <test-method is-config="true" signature="setup()[pri:0, instance:com.platformgroup.qa.testcases.CheckOutPageTests@5acf93bb]" started-at="2023-02-25T21:27:54 GMT" name="setup" finished-at="2023-02-25T21:27:59 GMT" duration-ms="4454" status="PASS">
          <reporter-output>
          </reporter-output>
        </test-method> <!-- setup -->
        <test-method signature="verifyOrderConformationTest()[pri:1, instance:com.platformgroup.qa.testcases.CheckOutPageTests@5acf93bb]" started-at="2023-02-25T21:27:59 GMT" name="verifyOrderConformationTest" finished-at="2023-02-25T21:28:01 GMT" duration-ms="2443" status="PASS">
          <reporter-output>
          </reporter-output>
        </test-method> <!-- verifyOrderConformationTest -->
        <test-method is-config="true" signature="tearDown()[pri:0, instance:com.platformgroup.qa.testcases.CheckOutPageTests@5acf93bb]" started-at="2023-02-25T21:28:01 GMT" name="tearDown" finished-at="2023-02-25T21:28:02 GMT" duration-ms="506" status="PASS">
          <reporter-output>
          </reporter-output>
        </test-method> <!-- tearDown -->
      </class> <!-- com.platformgroup.qa.testcases.CheckOutPageTests -->
      <class name="com.platformgroup.qa.testcases.HomePageTests">
        <test-method is-config="true" signature="setup()[pri:0, instance:com.platformgroup.qa.testcases.HomePageTests@1a18644]" started-at="2023-02-25T21:27:48 GMT" name="setup" finished-at="2023-02-25T21:27:53 GMT" duration-ms="4322" status="PASS">
          <reporter-output>
          </reporter-output>
        </test-method> <!-- setup -->
        <test-method signature="verifyPrintProductAddedToBasketTest()[pri:1, instance:com.platformgroup.qa.testcases.HomePageTests@1a18644]" started-at="2023-02-25T21:27:53 GMT" name="verifyPrintProductAddedToBasketTest" finished-at="2023-02-25T21:27:54 GMT" duration-ms="1101" status="PASS">
          <reporter-output>
          </reporter-output>
        </test-method> <!-- verifyPrintProductAddedToBasketTest -->
        <test-method is-config="true" signature="tearDown()[pri:0, instance:com.platformgroup.qa.testcases.HomePageTests@1a18644]" started-at="2023-02-25T21:27:54 GMT" name="tearDown" finished-at="2023-02-25T21:27:54 GMT" duration-ms="458" status="PASS">
          <reporter-output>
          </reporter-output>
        </test-method> <!-- tearDown -->
      </class> <!-- com.platformgroup.qa.testcases.HomePageTests -->
      <class name="com.platformgroup.qa.testcases.LoginPageTests">
        <test-method is-config="true" signature="setUp()[pri:0, instance:com.platformgroup.qa.testcases.LoginPageTests@4d02f94e]" started-at="2023-02-25T21:27:37 GMT" name="setUp" finished-at="2023-02-25T21:27:42 GMT" duration-ms="5024" status="PASS">
          <reporter-output>
          </reporter-output>
        </test-method> <!-- setUp -->
        <test-method signature="verifyUserloginTest()[pri:1, instance:com.platformgroup.qa.testcases.LoginPageTests@4d02f94e]" started-at="2023-02-25T21:27:42 GMT" name="verifyUserloginTest" finished-at="2023-02-25T21:27:43 GMT" duration-ms="904" status="PASS">
          <reporter-output>
          </reporter-output>
        </test-method> <!-- verifyUserloginTest -->
        <test-method is-config="true" signature="tearDown()[pri:0, instance:com.platformgroup.qa.testcases.LoginPageTests@4d02f94e]" started-at="2023-02-25T21:27:43 GMT" name="tearDown" finished-at="2023-02-25T21:27:44 GMT" duration-ms="614" status="PASS">
          <reporter-output>
          </reporter-output>
        </test-method> <!-- tearDown -->
        <test-method is-config="true" signature="setUp()[pri:0, instance:com.platformgroup.qa.testcases.LoginPageTests@4d02f94e]" started-at="2023-02-25T21:27:44 GMT" name="setUp" finished-at="2023-02-25T21:27:47 GMT" duration-ms="3454" status="PASS">
          <reporter-output>
          </reporter-output>
        </test-method> <!-- setUp -->
        <test-method signature="verifyUserLoginWithInvalidCredentialsTest()[pri:2, instance:com.platformgroup.qa.testcases.LoginPageTests@4d02f94e]" started-at="2023-02-25T21:27:47 GMT" name="verifyUserLoginWithInvalidCredentialsTest" finished-at="2023-02-25T21:27:48 GMT" duration-ms="586" status="PASS">
          <reporter-output>
          </reporter-output>
        </test-method> <!-- verifyUserLoginWithInvalidCredentialsTest -->
        <test-method is-config="true" signature="tearDown()[pri:0, instance:com.platformgroup.qa.testcases.LoginPageTests@4d02f94e]" started-at="2023-02-25T21:27:48 GMT" name="tearDown" finished-at="2023-02-25T21:27:48 GMT" duration-ms="374" status="PASS">
          <reporter-output>
          </reporter-output>
        </test-method> <!-- tearDown -->
      </class> <!-- com.platformgroup.qa.testcases.LoginPageTests -->
    </test> <!-- Test -->
  </suite> <!-- Suite -->
</testng-results>
